0 info it worked if it ends with ok
1 verbose cli [ '/Users/jmurphy/.nvm/versions/node/v6.9.1/bin/node',
1 verbose cli   '/Users/jmurphy/.nvm/versions/node/v6.9.1/bin/npm',
1 verbose cli   'publish' ]
2 info using npm@3.10.8
3 info using node@v6.9.1
4 verbose publish [ '.' ]
5 silly cache add args [ '.', null ]
6 verbose cache add spec .
7 silly cache add parsed spec Result {
7 silly cache add   raw: '.',
7 silly cache add   scope: null,
7 silly cache add   escapedName: null,
7 silly cache add   name: null,
7 silly cache add   rawSpec: '.',
7 silly cache add   spec: '/Users/jmurphy/web/mock-data',
7 silly cache add   type: 'directory' }
8 verbose addLocalDirectory /Users/jmurphy/.npm/c100-mock-data/1.0.0/package.tgz not in flight; packing
9 verbose correctMkdir /Users/jmurphy/.npm correctMkdir not in flight; initializing
10 info lifecycle c100-mock-data@1.0.0~prepublish: c100-mock-data@1.0.0
11 silly lifecycle c100-mock-data@1.0.0~prepublish: no script for prepublish, continuing
12 verbose tar pack [ '/Users/jmurphy/.npm/c100-mock-data/1.0.0/package.tgz',
12 verbose tar pack   '/Users/jmurphy/web/mock-data' ]
13 verbose tarball /Users/jmurphy/.npm/c100-mock-data/1.0.0/package.tgz
14 verbose folder /Users/jmurphy/web/mock-data
15 verbose addLocalTarball adding from inside cache /Users/jmurphy/.npm/c100-mock-data/1.0.0/package.tgz
16 verbose correctMkdir /Users/jmurphy/.npm correctMkdir not in flight; initializing
17 silly cache afterAdd c100-mock-data@1.0.0
18 verbose afterAdd /Users/jmurphy/.npm/c100-mock-data/1.0.0/package/package.json not in flight; writing
19 verbose correctMkdir /Users/jmurphy/.npm correctMkdir not in flight; initializing
20 verbose afterAdd /Users/jmurphy/.npm/c100-mock-data/1.0.0/package/package.json written
21 silly publish { name: 'c100-mock-data',
21 silly publish   version: '1.0.0',
21 silly publish   description: 'Mock data for the ce100 application',
21 silly publish   main: 'index.js',
21 silly publish   scripts: { test: 'echo "Error: no test specified" && exit 1' },
21 silly publish   repository:
21 silly publish    { type: 'git',
21 silly publish      url: 'git+https://github.com/emfoundation/mock-data.git' },
21 silly publish   keywords: [],
21 silly publish   author: '',
21 silly publish   license: 'ISC',
21 silly publish   bugs: { url: 'https://github.com/emfoundation/mock-data/issues' },
21 silly publish   homepage: 'https://github.com/emfoundation/mock-data#readme',
21 silly publish   readme: 'Mock data for the ce100 application\n',
21 silly publish   readmeFilename: 'README.md',
21 silly publish   gitHead: 'd0c523f07754c0b15a603b6cd9e3822e00e0ca55',
21 silly publish   _id: 'c100-mock-data@1.0.0',
21 silly publish   _shasum: '15ba57bf9fd2a09efbfa2bedeff790c2279b03bd',
21 silly publish   _from: '.' }
22 verbose getPublishConfig undefined
23 silly mapToRegistry name c100-mock-data
24 silly mapToRegistry using default registry
25 silly mapToRegistry registry https://registry.npmjs.org/
26 silly mapToRegistry data Result {
26 silly mapToRegistry   raw: 'c100-mock-data',
26 silly mapToRegistry   scope: null,
26 silly mapToRegistry   escapedName: 'c100-mock-data',
26 silly mapToRegistry   name: 'c100-mock-data',
26 silly mapToRegistry   rawSpec: '',
26 silly mapToRegistry   spec: 'latest',
26 silly mapToRegistry   type: 'tag' }
27 silly mapToRegistry uri https://registry.npmjs.org/c100-mock-data
28 verbose publish registryBase https://registry.npmjs.org/
29 silly publish uploading /Users/jmurphy/.npm/c100-mock-data/1.0.0/package.tgz
30 verbose request uri https://registry.npmjs.org/c100-mock-data
31 verbose request sending authorization for write operation
32 info attempt registry request try #1 at 5:28:43 PM
33 verbose request using bearer token for auth
34 verbose request id dc1a5f55e9e1baef
35 http request PUT https://registry.npmjs.org/c100-mock-data
36 http 403 https://registry.npmjs.org/c100-mock-data
37 verbose headers { 'content-type': 'application/json',
37 verbose headers   'cache-control': 'max-age=300',
37 verbose headers   'content-length': '95',
37 verbose headers   'accept-ranges': 'bytes',
37 verbose headers   date: 'Mon, 19 Dec 2016 17:28:43 GMT',
37 verbose headers   via: '1.1 varnish',
37 verbose headers   connection: 'keep-alive',
37 verbose headers   'x-served-by': 'cache-lhr6320-LHR',
37 verbose headers   'x-cache': 'MISS',
37 verbose headers   'x-cache-hits': '0',
37 verbose headers   'x-timer': 'S1482168522.773678,VS0,VE830',
37 verbose headers   vary: 'Accept-Encoding' }
38 verbose request invalidating /Users/jmurphy/.npm/registry.npmjs.org/c100-mock-data on PUT
39 error publish Failed PUT 403
40 verbose stack Error: "You cannot publish over the previously published version 1.0.0." : c100-mock-data
40 verbose stack     at makeError (/Users/jmurphy/.nvm/versions/node/v6.9.1/lib/node_modules/npm/node_modules/npm-registry-client/lib/request.js:302:12)
40 verbose stack     at CachingRegistryClient.<anonymous> (/Users/jmurphy/.nvm/versions/node/v6.9.1/lib/node_modules/npm/node_modules/npm-registry-client/lib/request.js:290:14)
40 verbose stack     at Request._callback (/Users/jmurphy/.nvm/versions/node/v6.9.1/lib/node_modules/npm/node_modules/npm-registry-client/lib/request.js:210:14)
40 verbose stack     at Request.self.callback (/Users/jmurphy/.nvm/versions/node/v6.9.1/lib/node_modules/npm/node_modules/request/request.js:187:22)
40 verbose stack     at emitTwo (events.js:106:13)
40 verbose stack     at Request.emit (events.js:191:7)
40 verbose stack     at Request.<anonymous> (/Users/jmurphy/.nvm/versions/node/v6.9.1/lib/node_modules/npm/node_modules/request/request.js:1044:10)
40 verbose stack     at emitOne (events.js:96:13)
40 verbose stack     at Request.emit (events.js:188:7)
40 verbose stack     at IncomingMessage.<anonymous> (/Users/jmurphy/.nvm/versions/node/v6.9.1/lib/node_modules/npm/node_modules/request/request.js:965:12)
41 verbose statusCode 403
42 verbose pkgid c100-mock-data
43 verbose cwd /Users/jmurphy/web/mock-data
44 error Darwin 16.1.0
45 error argv "/Users/jmurphy/.nvm/versions/node/v6.9.1/bin/node" "/Users/jmurphy/.nvm/versions/node/v6.9.1/bin/npm" "publish"
46 error node v6.9.1
47 error npm  v3.10.8
48 error code E403
49 error "You cannot publish over the previously published version 1.0.0." : c100-mock-data
50 error If you need help, you may report this error at:
50 error     <https://github.com/npm/npm/issues>
51 verbose exit [ 1, true ]
